<?xml version="1.0" encoding="UTF-8"?>
<!-- Generated by org.testng.reporters.JUnitReportReporter -->
<testsuite hostname="LAPTOP-V7M1F0GS" failures="0" tests="3" name="com.evs.vtiger.runner.Run" time="22.096" errors="0" timestamp="2024-02-18T12:13:45 IST" skipped="0">
  <testcase classname="com.evs.vtiger.runner.Run" name="runTest" time="8.721"/>
  <testcase classname="com.evs.vtiger.runner.Run" name="runTest" time="6.554"/>
  <testcase classname="com.evs.vtiger.runner.Run" name="runTest" time="6.821"/>
</testsuite> <!-- com.evs.vtiger.runner.Run -->
