<?xml version="1.0" encoding="UTF-8"?>
<!-- Generated by org.testng.reporters.JUnitReportReporter -->
<testsuite hostname="LAPTOP-V7M1F0GS" failures="0" tests="6" name="com.evs.vtiger.runner.TestRun" time="109.981" errors="0" timestamp="2024-02-18T11:56:24 IST" skipped="0">
  <testcase classname="com.evs.vtiger.runner.TestRun" name="VT001CredentialVerification" time="15.252"/>
  <testcase classname="com.evs.vtiger.runner.TestRun" name="VT003CreateMarketingAccount" time="23.035"/>
  <testcase classname="com.evs.vtiger.runner.TestRun" name="VT002CreateNewSalesLeads" time="25.186"/>
  <testcase classname="com.evs.vtiger.runner.TestRun" name="VT004supportsAccountVerify" time="16.627"/>
  <testcase classname="com.evs.vtiger.runner.TestRun" name="VT006DeleteSalesLead" time="14.485"/>
  <testcase classname="com.evs.vtiger.runner.TestRun" name="VT005DeleteMarketingACC" time="15.396"/>
</testsuite> <!-- com.evs.vtiger.runner.TestRun -->
